<?xml version="1.0" encoding="UTF-8"?>
<testng-results skipped="0" failed="0" ignored="0" total="3" passed="3">
  <reporter-output>
  </reporter-output>
  <suite name="Default suite" duration-ms="43293" started-at="2021-03-13T09:37:23Z" finished-at="2021-03-13T09:38:06Z">
    <groups>
    </groups>
    <test name="Default test" duration-ms="43293" started-at="2021-03-13T09:37:23Z" finished-at="2021-03-13T09:38:06Z">
      <class name="com_PearsonTest.com_Pearson_SearchTest">
        <test-method status="PASS" signature="configBT()[pri:0, instance:com_PearsonTest.com_Pearson_SearchTest@6d2a209c]" name="configBT" is-config="true" duration-ms="9849" started-at="2021-03-13T09:37:23Z" finished-at="2021-03-13T09:37:33Z">
          <reporter-output>
          </reporter-output>
        </test-method> <!-- configBT -->
        <test-method status="PASS" signature="searchtestcase()[pri:1, instance:com_PearsonTest.com_Pearson_SearchTest@6d2a209c]" name="searchtestcase" duration-ms="12326" started-at="2021-03-13T09:37:33Z" finished-at="2021-03-13T09:37:45Z">
          <reporter-output>
          </reporter-output>
        </test-method> <!-- searchtestcase -->
        <test-method status="PASS" signature="searchnexttestcase()[pri:2, instance:com_PearsonTest.com_Pearson_SearchTest@6d2a209c]" name="searchnexttestcase" duration-ms="10684" started-at="2021-03-13T09:37:45Z" finished-at="2021-03-13T09:37:56Z">
          <reporter-output>
          </reporter-output>
        </test-method> <!-- searchnexttestcase -->
        <test-method status="PASS" signature="searchThirdprodtestcase()[pri:3, instance:com_PearsonTest.com_Pearson_SearchTest@6d2a209c]" name="searchThirdprodtestcase" duration-ms="10179" started-at="2021-03-13T09:37:56Z" finished-at="2021-03-13T09:38:06Z">
          <reporter-output>
          </reporter-output>
        </test-method> <!-- searchThirdprodtestcase -->
        <test-method status="PASS" signature="configAT()[pri:0, instance:com_PearsonTest.com_Pearson_SearchTest@6d2a209c]" name="configAT" is-config="true" duration-ms="197" started-at="2021-03-13T09:38:06Z" finished-at="2021-03-13T09:38:06Z">
          <reporter-output>
          </reporter-output>
        </test-method> <!-- configAT -->
      </class> <!-- com_PearsonTest.com_Pearson_SearchTest -->
    </test> <!-- Default test -->
  </suite> <!-- Default suite -->
</testng-results>
